TimingLogic - buffer
0.	9999
1.	0
2.	0
3.	0
4.	0
5.	0
6.	0
7.	0
8.	0
9.	0
10.	0
11.	0
12.	0
13.	0
14.	0
15.	110
16.	110
17.	110
18.	110
19.	110
20.	110
21.	110
22.	110
23.	110
24.	110
25.	110
26.	110
27.	110
28.	110
29.	110
30.	110
31.	110
32.	110
33.	110
34.	110
35.	110
36.	110
37.	110
38.	110
39.	110
40.	110
41.	110
42.	110
43.	110
44.	110
45.	110
46.	110
47.	110
48.	0
49.	0
50.	0
51.	0
52.	0
53.	0
54.	0
55.	0
56.	0
57.	0
58.	0
59.	0
60.	0
61.	0
62.	0
63.	0
64.	0
65.	0
66.	0
67.	0
68.	0
69.	0
70.	0
71.	0
72.	0
73.	110
74.	110
75.	110
76.	110
77.	110
78.	110
79.	110
80.	110
81.	110
82.	110
83.	110
84.	110
85.	110
86.	110
87.	110
88.	110
89.	110
90.	110
91.	110
92.	110
93.	110
94.	110
95.	110
96.	110
97.	110
98.	110
99.	110
100.	110
101.	110
102.	110
103.	110
104.	110
105.	110
106.	0
107.	0
108.	0
109.	0
110.	0
111.	0
112.	0
113.	0
114.	0
115.	0
116.	0
117.	0
118.	0
119.	0
120.	0
121.	0
122.	0
123.	0
124.	0
125.	0
126.	0
127.	0
128.	1100
129.	1100
130.	1100
131.	1100
132.	1100
133.	1100
134.	1100
135.	1100
136.	100
137.	100
138.	100
139.	100
140.	100
141.	100
142.	100
143.	100
144.	110
145.	110
146.	110
147.	110
148.	110
149.	110
150.	110
151.	110
152.	110
153.	110
154.	110
155.	110
156.	110
157.	110
158.	110
159.	110
160.	110
161.	110
162.	110
163.	110
164.	110
165.	110
166.	110
167.	110
168.	110
169.	100
170.	100
171.	100
172.	100
173.	100
174.	100
175.	100
176.	100
177.	1100
178.	1100
179.	1100
180.	1100
181.	1100
182.	1100
183.	1100
184.	1100
185.	100
186.	100
187.	100
188.	100
189.	100
190.	100
191.	100
192.	100
193.	100
194.	0
195.	0
196.	0
197.	0
198.	0
199.	0
200.	0
201.	0
202.	0
203.	0
204.	0
205.	0
206.	0
207.	0
208.	0
209.	0
210.	0
211.	0
212.	0
213.	0
214.	0
215.	0
216.	0
217.	0
218.	1100
219.	1100
220.	1100
221.	1100
222.	1100
223.	1100
224.	1100
225.	1100
226.	1100
227.	100
228.	100
229.	100
230.	100
231.	100
232.	100
233.	100
234.	100
235.	100
236.	100
237.	100
238.	100
239.	100
240.	100
241.	100
242.	100
243.	100
244.	100
245.	100
246.	100
247.	100
248.	100
249.	100
250.	100
251.	100
252.	1100
253.	1100
254.	1100
255.	1100
256.	1100
257.	1100
258.	1100
259.	1100
260.	0
261.	0
262.	0
263.	0
264.	0
265.	0
266.	0
267.	0
268.	0
269.	0
270.	0
271.	0
272.	0
273.	0
274.	0
275.	0
276.	1100
277.	1100
278.	1100
279.	1100
280.	1100
281.	1100
282.	1100
283.	1100
284.	1100
285.	1100
286.	1100
287.	1100
288.	1100
289.	1100
290.	1100
291.	1100
292.	1100
293.	100
294.	100
295.	100
296.	100
297.	100
298.	100
299.	100
300.	100
301.	100
302.	100
303.	100
304.	100
305.	100
306.	100
307.	100
308.	100
309.	100
310.	100
311.	100
312.	100
313.	100
314.	100
315.	100
316.	100
317.	100
318.	1100
319.	1100
320.	1100
321.	1100
322.	1100
323.	1100
324.	1100
325.	1100
326.	1100
327.	1100
328.	1100
329.	1100
330.	1100
331.	1100
332.	1100
333.	1100
334.	1100
335.	100
336.	100
337.	100
338.	100
339.	100
340.	100
341.	100
342.	100
343.	110
344.	110
345.	110
346.	110
347.	110
348.	110
349.	110
350.	110
351.	111
352.	111
353.	111
354.	111
355.	111
356.	111
357.	111
358.	111
359.	101
360.	101
361.	101
362.	101
363.	101
364.	101
365.	101
366.	101
367.	101
368.	1
369.	1
370.	1
371.	1
372.	1
373.	1
374.	1
375.	1
376.	111
377.	111
378.	111
379.	111
380.	111
381.	111
382.	111
383.	111
384.	110
385.	110
386.	110
387.	110
388.	110
389.	110
390.	110
391.	110
392.	110
393.	100
394.	100
395.	100
396.	100
397.	100
398.	100
399.	100
400.	100
401.	100
402.	100
403.	100
404.	100
405.	100
406.	100
407.	100
408.	100
409.	1100
410.	1100
411.	1100
412.	1100
413.	1100
414.	1100
415.	1100
416.	1100
417.	1100
418.	1100
419.	1100
420.	1100
421.	1100
422.	1100
423.	1100
424.	1100
425.	1100
426.	100
427.	100
428.	100
429.	100
430.	100
431.	100
432.	100
433.	100
434.	110
435.	110
436.	110
437.	110
438.	110
439.	110
440.	110
441.	110
442.	100
443.	100
444.	100
445.	100
446.	100
447.	100
448.	100
449.	100
450.	100
451.	0
452.	0
453.	0
454.	0
455.	0
456.	0
457.	0
458.	0
459.	0
460.	0
461.	0
462.	0
463.	0
464.	0
465.	0
466.	0
467.	0
468.	0
469.	0
470.	0
471.	0
472.	0
473.	0
474.	0
475.	0
476.	0
477.	0
478.	0
479.	0
480.	0
481.	0
482.	0
483.	0
484.	0
485.	0
486.	0
487.	0
488.	0
489.	0
490.	0
491.	0
492.	111
493.	111
494.	111
495.	111
496.	111
497.	111
498.	111
499.	111
500.	110
501.	110
502.	110
503.	110
504.	110
505.	110
506.	110
507.	110
508.	110
509.	100
510.	100
511.	100
512.	100
513.	100
514.	100
515.	100
516.	100
517.	110
518.	110
519.	110
520.	110
521.	110
522.	110
523.	110
524.	110
525.	111
526.	111
527.	111
528.	111
529.	111
530.	111
531.	111
532.	111
533.	100
534.	100
535.	100
536.	100
537.	100
538.	100
539.	100
540.	100
541.	100
542.	100
543.	100
544.	100
545.	100
546.	100
547.	100
548.	100
549.	100
550.	0
551.	0
552.	0
553.	0
554.	0
555.	0
556.	0
557.	0
558.	0
559.	0
560.	0
561.	0
562.	0
563.	0
564.	0
565.	0
566.	0
567.	0
568.	0
569.	0
570.	0
571.	0
572.	0
573.	0
574.	0
575.	0
576.	0
577.	0
578.	0
579.	0
580.	0
581.	0
582.	0
583.	101
584.	101
585.	101
586.	101
587.	101
588.	101
589.	101
590.	101
591.	110
592.	110
593.	110
594.	110
595.	110
596.	110
597.	110
598.	110
599.	110
600.	100
601.	100
602.	100
603.	100
604.	100
605.	100
606.	100
607.	100
608.	100
609.	100
610.	100
611.	100
612.	100
613.	100
614.	100
615.	100
616.	100
617.	100
618.	100
619.	100
620.	100
621.	100
622.	100
623.	100
624.	100
625.	110
626.	110
627.	110
628.	110
629.	110
630.	110
631.	110
632.	110
633.	101
634.	101
635.	101
636.	101
637.	101
638.	101
639.	101
640.	101
641.	0
642.	0
643.	0
644.	0
645.	0
646.	0
647.	0
648.	0
649.	1
650.	1
651.	1
652.	1
653.	1
654.	1
655.	1
656.	1
657.	1
658.	111
659.	111
660.	111
661.	111
662.	111
663.	111
664.	111
665.	111
666.	111
667.	111
668.	111
669.	111
670.	111
671.	111
672.	111
673.	111
674.	110
675.	110
676.	110
677.	110
678.	110
679.	110
680.	110
681.	110
682.	110
683.	100
684.	100
685.	100
686.	100
687.	100
688.	100
689.	100
690.	100
691.	100
692.	100
693.	100
694.	100
695.	100
696.	100
697.	100
698.	100
699.	100
700.	100
701.	100
702.	100
703.	100
704.	100
705.	100
706.	100
707.	100
708.	100
709.	100
710.	100
711.	100
712.	100
713.	100
714.	100
715.	100
716.	100
717.	100
718.	100
719.	100
720.	100
721.	100
722.	100
723.	100
724.	100
725.	100
726.	100
727.	100
728.	100
729.	100
730.	100
731.	100
732.	0
733.	0
734.	0
735.	0
736.	0
737.	0
738.	0
739.	0
740.	0
741.	0
742.	0
743.	0
744.	0
745.	0
746.	0
747.	0
748.	0
749.	0
750.	0
751.	0
752.	0
753.	0
754.	0
755.	0
756.	0
757.	0
758.	0
759.	0
760.	0
761.	0
762.	0
763.	0
764.	0
765.	0
766.	100
767.	100
768.	100
769.	100
770.	100
771.	100
772.	100
773.	100
774.	1100
775.	1100
776.	1100
777.	1100
778.	1100
779.	1100
780.	1100
781.	1100
782.	1100
783.	1100
784.	1100
785.	1100
786.	1100
787.	1100
788.	1100
789.	1100
790.	100
791.	100
792.	100
793.	100
794.	100
795.	100
796.	100
797.	100
798.	100
799.	110
800.	110
801.	110
802.	110
803.	110
804.	110
805.	110
806.	110
807.	0
808.	0
809.	0
810.	0
811.	0
812.	0
813.	0
814.	0
815.	0
816.	0
817.	0
818.	0
819.	0
820.	0
821.	0
822.	0
823.	0
824.	0
825.	0
826.	0
827.	0
828.	0
829.	0
830.	0
831.	0
832.	10
833.	10
834.	10
835.	10
836.	10
837.	10
838.	10
839.	10
840.	110
841.	110
842.	110
843.	110
844.	110
845.	110
846.	110
847.	110
848.	110
849.	110
850.	110
851.	110
852.	110
853.	110
854.	110
855.	110
856.	110
857.	10
858.	10
859.	10
860.	10
861.	10
862.	10
863.	10
864.	10
865.	0
866.	0
867.	0
868.	0
869.	0
870.	0
871.	0
872.	0
873.	0
874.	0
875.	0
876.	0
877.	0
878.	0
879.	0
880.	0
881.	0
882.	0
883.	0
884.	0
885.	0
886.	0
887.	0
888.	0
889.	0
890.	10
891.	10
892.	10
893.	10
894.	10
895.	10
896.	10
897.	10
898.	110
899.	110
900.	110
901.	110
902.	110
903.	110
904.	110
905.	110
906.	110
907.	110
908.	110
909.	110
910.	110
911.	110
912.	110
913.	110
914.	110
915.	0
916.	0
917.	0
918.	0
919.	0
920.	0
921.	0
922.	0
923.	0
924.	0
925.	0
926.	0
927.	0
928.	0
929.	0
930.	0
931.	0
932.	0
933.	0
934.	0
935.	0
936.	0
937.	0
938.	0
939.	0
940.	111
941.	111
942.	111
943.	111
944.	111
945.	111
946.	111
947.	111
948.	110
949.	110
950.	110
951.	110
952.	110
953.	110
954.	110
955.	110
956.	110
957.	110
958.	110
959.	110
960.	110
961.	110
962.	110
963.	110
964.	110
965.	110
966.	110
967.	110
968.	110
969.	110
970.	110
971.	110
972.	110
973.	10
974.	10
975.	10
976.	10
977.	10
978.	10
979.	10
980.	10
981.	0
982.	0
983.	0
984.	0
985.	0
986.	0
987.	0
988.	0
989.	0
990.	0
991.	0
992.	0
993.	0
994.	0
995.	0
996.	0
997.	0
998.	0
999.	0
