0:	46	10
1:	42	10
2:	42	10
3:	40	10
4:	50	10
5:	42	10
6:	39	10
7:	45	10
8:	50	10
9:	40	10
10:	42	10
11:	35	10
12:	40	10
13:	43	10
14:	41	10
15:	44	10
16:	38	10
17:	47	10
18:	43	10
19:	515	9999
20:	38	10
21:	36	10
22:	38	10
23:	45	10
24:	44	0
25:	40	10
26:	37	0
27:	44	10
28:	42	0
29:	38	0
30:	38	0
31:	42	10
32:	38	0
33:	42	0
34:	38	10
35:	45	0
36:	39	0
37:	35	0
38:	46	10
39:	42	10
40:	39	11
41:	40	10
42:	37	10
43:	47	0
44:	47	0
45:	41	0
46:	43	10
47:	40	10
48:	49	10
49:	39	0
50:	67	0
51:	40	0
52:	43	1110
53:	44	11
54:	43	0
55:	36	0
56:	50	10
57:	48	10
58:	50	0
59:	42	10
60:	44	0
61:	46	0
62:	45	0
63:	46	0
64:	50	0
65:	39	10
66:	43	0
67:	41	10
68:	48	10
69:	42	0
70:	48	10
71:	44	0
72:	62	0
73:	46	0
74:	46	0
75:	46	0
76:	46	0
77:	43	0
78:	48	110
79:	45	10
80:	41	10
81:	76	10
82:	46	10
83:	45	10
84:	47	10
85:	43	10
86:	39	110
87:	47	10
88:	46	10
89:	39	10
90:	41	10
91:	39	10
92:	42	10
93:	42	10
94:	43	10
95:	43	10
96:	44	10
97:	44	10
98:	41	10
99:	38	10
100:	127	110
All values represent CLOCKS, CLOCKS_PER_SEC = 1000000
